Arguments: 
  /Users/chriscaldwell/.nvm/versions/node/v12.6.0/bin/node /usr/local/Cellar/yarn/1.22.4/libexec/bin/yarn.js add -D puppetteer

PATH: 
  /Users/chriscaldwell/.nvm/versions/node/v12.6.0/bin:/Users/chriscaldwell/.serverless/bin:/usr/local/bin:/usr/bin:/bin:/usr/sbin:/sbin:/Library/Apple/usr/bin

Yarn version: 
  1.22.4

Node version: 
  12.6.0

Platform: 
  darwin x64

Trace: 
  Error: https://registry.yarnpkg.com/puppetteer: Not found
      at Request.params.callback [as _callback] (/usr/local/Cellar/yarn/1.22.4/libexec/lib/cli.js:66987:18)
      at Request.self.callback (/usr/local/Cellar/yarn/1.22.4/libexec/lib/cli.js:140748:22)
      at Request.emit (events.js:203:13)
      at Request.<anonymous> (/usr/local/Cellar/yarn/1.22.4/libexec/lib/cli.js:141720:10)
      at Request.emit (events.js:203:13)
      at IncomingMessage.<anonymous> (/usr/local/Cellar/yarn/1.22.4/libexec/lib/cli.js:141642:12)
      at Object.onceWrapper (events.js:291:20)
      at IncomingMessage.emit (events.js:208:15)
      at endReadableNT (_stream_readable.js:1154:12)
      at processTicksAndRejections (internal/process/task_queues.js:77:11)

npm manifest: 
  {
    "name": "scraper",
    "version": "0.1.0",
    "private": true,
    "scripts": {
      "start": "ts-node src/index.ts",
      "format": "prettier --write src",
      "lint": "tsc --noEmit && eslint --ext .tsx,.ts,.js src"
    },
    "devDependencies": {
      "eslint-plugin-prettier": "^3.1.4",
      "prettier": "^2.1.2",
      "typescript": "^4.0.3"
    }
  }

yarn manifest: 
  No manifest

Lockfile: 
  No lockfile
